<?xml version="1.0" encoding="UTF-8"?>
<testsuite name="com.mgari.calculator.CalculatorApplicationTests" tests="1" skipped="0" failures="0" errors="0" timestamp="2023-12-08T09:29:44" hostname="ubuntu" time="1.319">
  <properties/>
  <testcase name="contextLoads()" classname="com.mgari.calculator.CalculatorApplicationTests" time="1.319"/>
  <system-out><![CDATA[04:29:40.353 [Test worker] INFO org.springframework.test.context.support.AnnotationConfigContextLoaderUtils -- Could not detect default configuration classes for test class [com.mgari.calculator.CalculatorApplicationTests]: CalculatorApplicationTests does not declare any static, non-private, non-final, nested classes annotated with @Configuration.
04:29:40.666 [Test worker] INFO org.springframework.boot.test.context.SpringBootTestContextBootstrapper -- Found @SpringBootConfiguration com.mgari.calculator.CalculatorApplication for test class com.mgari.calculator.CalculatorApplicationTests

  .   ____          _            __ _ _
 /\\ / ___'_ __ _ _(_)_ __  __ _ \ \ \ \
( ( )\___ | '_ | '_| | '_ \/ _` | \ \ \ \
 \\/  ___)| |_)| | | | | || (_| |  ) ) ) )
  '  |____| .__|_| |_|_| |_\__, | / / / /
 =========|_|==============|___/=/_/_/_/
 :: Spring Boot ::                (v3.2.0)

2023-12-08T04:29:41.651-05:00  INFO 30207 --- [    Test worker] c.m.c.CalculatorApplicationTests         : Starting CalculatorApplicationTests using Java 17.0.9 with PID 30207 (started by oem in /home/oem/Devops/Acceptance)
2023-12-08T04:29:41.655-05:00  INFO 30207 --- [    Test worker] c.m.c.CalculatorApplicationTests         : No active profile set, falling back to 1 default profile: "default"
2023-12-08T04:29:43.990-05:00  INFO 30207 --- [    Test worker] c.m.c.CalculatorApplicationTests         : Started CalculatorApplicationTests in 2.932 seconds (process running for 5.518)
]]></system-out>
  <system-err><![CDATA[]]></system-err>
</testsuite>
